[16-Sep-2016 06:25:50] PHP Warning:  htmlentities() [<a href='function.htmlentities'>function.htmlentities</a>]: Invalid multibyte sequence in argument in D:\wwwroot\xinqidian\wwwroot\conf\log.class.php on line 38
[16-Sep-2016 06:26:20] PHP Warning:  htmlentities() [<a href='function.htmlentities'>function.htmlentities</a>]: Invalid multibyte sequence in argument in D:\wwwroot\xinqidian\wwwroot\conf\log.class.php on line 38
[16-Sep-2016 06:26:51] PHP Warning:  htmlentities() [<a href='function.htmlentities'>function.htmlentities</a>]: Invalid multibyte sequence in argument in D:\wwwroot\xinqidian\wwwroot\conf\log.class.php on line 38
[16-Sep-2016 06:48:49] PHP Warning:  htmlentities() [<a href='function.htmlentities'>function.htmlentities</a>]: Invalid multibyte sequence in argument in D:\wwwroot\xinqidian\wwwroot\conf\log.class.php on line 38
[16-Sep-2016 06:49:20] PHP Warning:  htmlentities() [<a href='function.htmlentities'>function.htmlentities</a>]: Invalid multibyte sequence in argument in D:\wwwroot\xinqidian\wwwroot\conf\log.class.php on line 38
[16-Sep-2016 06:49:50] PHP Warning:  htmlentities() [<a href='function.htmlentities'>function.htmlentities</a>]: Invalid multibyte sequence in argument in D:\wwwroot\xinqidian\wwwroot\conf\log.class.php on line 38
[16-Sep-2016 06:55:01] PHP Warning:  htmlentities() [<a href='function.htmlentities'>function.htmlentities</a>]: Invalid multibyte sequence in argument in D:\wwwroot\xinqidian\wwwroot\conf\log.class.php on line 38
[29-Sep-2016 12:03:27] PHP Warning:  htmlentities() [<a href='function.htmlentities'>function.htmlentities</a>]: Invalid multibyte sequence in argument in D:\wwwroot\xinqidian\wwwroot\conf\log.class.php on line 38
[18-Oct-2016 12:17:45] PHP Warning:  htmlentities() [<a href='function.htmlentities'>function.htmlentities</a>]: Invalid multibyte sequence in argument in D:\wwwroot\xinqidian\wwwroot\conf\log.class.php on line 38
[18-Oct-2016 12:18:17] PHP Warning:  htmlentities() [<a href='function.htmlentities'>function.htmlentities</a>]: Invalid multibyte sequence in argument in D:\wwwroot\xinqidian\wwwroot\conf\log.class.php on line 38
[18-Oct-2016 12:18:47] PHP Warning:  htmlentities() [<a href='function.htmlentities'>function.htmlentities</a>]: Invalid multibyte sequence in argument in D:\wwwroot\xinqidian\wwwroot\conf\log.class.php on line 38
[18-Oct-2016 12:20:16] PHP Warning:  htmlentities() [<a href='function.htmlentities'>function.htmlentities</a>]: Invalid multibyte sequence in argument in D:\wwwroot\xinqidian\wwwroot\conf\log.class.php on line 38
[18-Oct-2016 12:20:50] PHP Warning:  htmlentities() [<a href='function.htmlentities'>function.htmlentities</a>]: Invalid multibyte sequence in argument in D:\wwwroot\xinqidian\wwwroot\conf\log.class.php on line 38
[18-Oct-2016 12:21:21] PHP Warning:  htmlentities() [<a href='function.htmlentities'>function.htmlentities</a>]: Invalid multibyte sequence in argument in D:\wwwroot\xinqidian\wwwroot\conf\log.class.php on line 38
[18-Oct-2016 12:30:18] PHP Warning:  htmlentities() [<a href='function.htmlentities'>function.htmlentities</a>]: Invalid multibyte sequence in argument in D:\wwwroot\xinqidian\wwwroot\conf\log.class.php on line 38
[18-Oct-2016 12:30:55] PHP Warning:  htmlentities() [<a href='function.htmlentities'>function.htmlentities</a>]: Invalid multibyte sequence in argument in D:\wwwroot\xinqidian\wwwroot\conf\log.class.php on line 38
[18-Oct-2016 12:31:23] PHP Warning:  htmlentities() [<a href='function.htmlentities'>function.htmlentities</a>]: Invalid multibyte sequence in argument in D:\wwwroot\xinqidian\wwwroot\conf\log.class.php on line 38
[28-Oct-2016 18:00:30] PHP Fatal error:  Maximum execution time of 300 seconds exceeded in D:\wwwroot\xinqidian\wwwroot\conf\config.inc.php on line 115
[15-Nov-2016 15:29:19] PHP Fatal error:  Maximum execution time of 300 seconds exceeded in D:\wwwroot\xinqidian\wwwroot\conf\config.inc.php on line 115
[15-Nov-2016 15:29:19] PHP Fatal error:  Maximum execution time of 300 seconds exceeded in D:\wwwroot\xinqidian\wwwroot\conf\config.inc.php on line 115
[15-Nov-2016 15:29:19] PHP Fatal error:  Maximum execution time of 300 seconds exceeded in D:\wwwroot\xinqidian\wwwroot\conf\config.inc.php on line 115
[15-Nov-2016 15:55:33] PHP Fatal error:  Maximum execution time of 300 seconds exceeded in D:\wwwroot\xinqidian\wwwroot\conf\config.inc.php on line 115
[15-Nov-2016 15:55:33] PHP Fatal error:  Maximum execution time of 300 seconds exceeded in D:\wwwroot\xinqidian\wwwroot\conf\config.inc.php on line 115
[15-Nov-2016 15:55:33] PHP Fatal error:  Maximum execution time of 300 seconds exceeded in D:\wwwroot\xinqidian\wwwroot\conf\config.inc.php on line 115
[15-Nov-2016 15:55:33] PHP Fatal error:  Maximum execution time of 300 seconds exceeded in D:\wwwroot\xinqidian\wwwroot\conf\config.inc.php on line 115
[25-Nov-2016 06:59:03] PHP Warning:  htmlentities() [<a href='function.htmlentities'>function.htmlentities</a>]: Invalid multibyte sequence in argument in D:\wwwroot\xinqidian\wwwroot\conf\log.class.php on line 38
[25-Nov-2016 06:59:33] PHP Warning:  htmlentities() [<a href='function.htmlentities'>function.htmlentities</a>]: Invalid multibyte sequence in argument in D:\wwwroot\xinqidian\wwwroot\conf\log.class.php on line 38
[25-Nov-2016 07:00:03] PHP Warning:  htmlentities() [<a href='function.htmlentities'>function.htmlentities</a>]: Invalid multibyte sequence in argument in D:\wwwroot\xinqidian\wwwroot\conf\log.class.php on line 38
[25-Nov-2016 07:23:27] PHP Warning:  htmlentities() [<a href='function.htmlentities'>function.htmlentities</a>]: Invalid multibyte sequence in argument in D:\wwwroot\xinqidian\wwwroot\conf\log.class.php on line 38
[25-Nov-2016 07:23:28] PHP Warning:  htmlentities() [<a href='function.htmlentities'>function.htmlentities</a>]: Invalid multibyte sequence in argument in D:\wwwroot\xinqidian\wwwroot\conf\log.class.php on line 38
[25-Nov-2016 07:23:57] PHP Warning:  htmlentities() [<a href='function.htmlentities'>function.htmlentities</a>]: Invalid multibyte sequence in argument in D:\wwwroot\xinqidian\wwwroot\conf\log.class.php on line 38
[25-Nov-2016 07:23:58] PHP Warning:  htmlentities() [<a href='function.htmlentities'>function.htmlentities</a>]: Invalid multibyte sequence in argument in D:\wwwroot\xinqidian\wwwroot\conf\log.class.php on line 38
[25-Nov-2016 07:24:28] PHP Warning:  htmlentities() [<a href='function.htmlentities'>function.htmlentities</a>]: Invalid multibyte sequence in argument in D:\wwwroot\xinqidian\wwwroot\conf\log.class.php on line 38
[25-Nov-2016 07:24:35] PHP Warning:  htmlentities() [<a href='function.htmlentities'>function.htmlentities</a>]: Invalid multibyte sequence in argument in D:\wwwroot\xinqidian\wwwroot\conf\log.class.php on line 38
[29-Jan-2017 14:07:48] PHP Fatal error:  Maximum execution time of 300 seconds exceeded in D:\wwwroot\xinqidian\wwwroot\conf\config.inc.php on line 115
[08-Feb-2017 09:41:39] PHP Warning:  htmlentities() [<a href='function.htmlentities'>function.htmlentities</a>]: Invalid multibyte sequence in argument in D:\wwwroot\xinqidian\wwwroot\conf\log.class.php on line 38
[08-Feb-2017 09:42:08] PHP Warning:  htmlentities() [<a href='function.htmlentities'>function.htmlentities</a>]: Invalid multibyte sequence in argument in D:\wwwroot\xinqidian\wwwroot\conf\log.class.php on line 38
[08-Feb-2017 09:42:37] PHP Warning:  htmlentities() [<a href='function.htmlentities'>function.htmlentities</a>]: Invalid multibyte sequence in argument in D:\wwwroot\xinqidian\wwwroot\conf\log.class.php on line 38
[08-Feb-2017 09:44:50] PHP Warning:  htmlentities() [<a href='function.htmlentities'>function.htmlentities</a>]: Invalid multibyte sequence in argument in D:\wwwroot\xinqidian\wwwroot\conf\log.class.php on line 38
[08-Feb-2017 09:45:20] PHP Warning:  htmlentities() [<a href='function.htmlentities'>function.htmlentities</a>]: Invalid multibyte sequence in argument in D:\wwwroot\xinqidian\wwwroot\conf\log.class.php on line 38
[08-Feb-2017 09:45:50] PHP Warning:  htmlentities() [<a href='function.htmlentities'>function.htmlentities</a>]: Invalid multibyte sequence in argument in D:\wwwroot\xinqidian\wwwroot\conf\log.class.php on line 38
[10-Apr-2017 20:01:46] PHP Warning:  htmlentities() [<a href='function.htmlentities'>function.htmlentities</a>]: Invalid multibyte sequence in argument in D:\wwwroot\xinqidian\wwwroot\conf\log.class.php on line 38
[11-Apr-2017 10:45:41] PHP Warning:  htmlentities() [<a href='function.htmlentities'>function.htmlentities</a>]: Invalid multibyte sequence in argument in D:\wwwroot\xinqidian\wwwroot\conf\log.class.php on line 38
[26-Apr-2017 17:02:34] PHP Warning:  htmlentities() [<a href='function.htmlentities'>function.htmlentities</a>]: Invalid multibyte sequence in argument in D:\wwwroot\xinqidian\wwwroot\conf\log.class.php on line 38
[26-Apr-2017 17:03:04] PHP Warning:  htmlentities() [<a href='function.htmlentities'>function.htmlentities</a>]: Invalid multibyte sequence in argument in D:\wwwroot\xinqidian\wwwroot\conf\log.class.php on line 38
[26-Apr-2017 17:03:34] PHP Warning:  htmlentities() [<a href='function.htmlentities'>function.htmlentities</a>]: Invalid multibyte sequence in argument in D:\wwwroot\xinqidian\wwwroot\conf\log.class.php on line 38
[26-Apr-2017 17:18:03] PHP Warning:  htmlentities() [<a href='function.htmlentities'>function.htmlentities</a>]: Invalid multibyte sequence in argument in D:\wwwroot\xinqidian\wwwroot\conf\log.class.php on line 38
[26-Apr-2017 17:21:50] PHP Warning:  htmlentities() [<a href='function.htmlentities'>function.htmlentities</a>]: Invalid multibyte sequence in argument in D:\wwwroot\xinqidian\wwwroot\conf\log.class.php on line 38
[26-Apr-2017 17:22:20] PHP Warning:  htmlentities() [<a href='function.htmlentities'>function.htmlentities</a>]: Invalid multibyte sequence in argument in D:\wwwroot\xinqidian\wwwroot\conf\log.class.php on line 38
[26-Apr-2017 17:22:50] PHP Warning:  htmlentities() [<a href='function.htmlentities'>function.htmlentities</a>]: Invalid multibyte sequence in argument in D:\wwwroot\xinqidian\wwwroot\conf\log.class.php on line 38
[26-Apr-2017 17:37:29] PHP Warning:  htmlentities() [<a href='function.htmlentities'>function.htmlentities</a>]: Invalid multibyte sequence in argument in D:\wwwroot\xinqidian\wwwroot\conf\log.class.php on line 38
[11-May-2017 09:50:06] PHP Warning:  htmlentities() [<a href='function.htmlentities'>function.htmlentities</a>]: Invalid multibyte sequence in argument in D:\wwwroot\xinqidian\wwwroot\conf\log.class.php on line 38
[27-May-2017 19:24:50] PHP Warning:  htmlentities() [<a href='function.htmlentities'>function.htmlentities</a>]: Invalid multibyte sequence in argument in D:\wwwroot\xinqidian\wwwroot\conf\log.class.php on line 38
[27-May-2017 19:25:20] PHP Warning:  htmlentities() [<a href='function.htmlentities'>function.htmlentities</a>]: Invalid multibyte sequence in argument in D:\wwwroot\xinqidian\wwwroot\conf\log.class.php on line 38
[27-May-2017 19:25:53] PHP Warning:  htmlentities() [<a href='function.htmlentities'>function.htmlentities</a>]: Invalid multibyte sequence in argument in D:\wwwroot\xinqidian\wwwroot\conf\log.class.php on line 38
[27-May-2017 19:40:42] PHP Warning:  htmlentities() [<a href='function.htmlentities'>function.htmlentities</a>]: Invalid multibyte sequence in argument in D:\wwwroot\xinqidian\wwwroot\conf\log.class.php on line 38
[27-May-2017 19:46:12] PHP Warning:  htmlentities() [<a href='function.htmlentities'>function.htmlentities</a>]: Invalid multibyte sequence in argument in D:\wwwroot\xinqidian\wwwroot\conf\log.class.php on line 38
[27-May-2017 19:46:42] PHP Warning:  htmlentities() [<a href='function.htmlentities'>function.htmlentities</a>]: Invalid multibyte sequence in argument in D:\wwwroot\xinqidian\wwwroot\conf\log.class.php on line 38
[27-May-2017 19:47:14] PHP Warning:  htmlentities() [<a href='function.htmlentities'>function.htmlentities</a>]: Invalid multibyte sequence in argument in D:\wwwroot\xinqidian\wwwroot\conf\log.class.php on line 38
[27-May-2017 20:02:01] PHP Warning:  htmlentities() [<a href='function.htmlentities'>function.htmlentities</a>]: Invalid multibyte sequence in argument in D:\wwwroot\xinqidian\wwwroot\conf\log.class.php on line 38
[16-Jun-2017 02:56:53] PHP Warning:  htmlentities() [<a href='function.htmlentities'>function.htmlentities</a>]: Invalid multibyte sequence in argument in D:\wwwroot\xinqidian\wwwroot\conf\log.class.php on line 38
[16-Jun-2017 02:56:54] PHP Warning:  htmlentities() [<a href='function.htmlentities'>function.htmlentities</a>]: Invalid multibyte sequence in argument in D:\wwwroot\xinqidian\wwwroot\conf\log.class.php on line 38
[08-Jul-2017 15:42:47] PHP Warning:  htmlentities() [<a href='function.htmlentities'>function.htmlentities</a>]: Invalid multibyte sequence in argument in D:\wwwroot\xinqidian\wwwroot\conf\log.class.php on line 38
[08-Jul-2017 15:43:22] PHP Warning:  htmlentities() [<a href='function.htmlentities'>function.htmlentities</a>]: Invalid multibyte sequence in argument in D:\wwwroot\xinqidian\wwwroot\conf\log.class.php on line 38
[08-Jul-2017 15:43:53] PHP Warning:  htmlentities() [<a href='function.htmlentities'>function.htmlentities</a>]: Invalid multibyte sequence in argument in D:\wwwroot\xinqidian\wwwroot\conf\log.class.php on line 38
[08-Jul-2017 15:57:30] PHP Warning:  htmlentities() [<a href='function.htmlentities'>function.htmlentities</a>]: Invalid multibyte sequence in argument in D:\wwwroot\xinqidian\wwwroot\conf\log.class.php on line 38
[08-Jul-2017 16:02:20] PHP Warning:  htmlentities() [<a href='function.htmlentities'>function.htmlentities</a>]: Invalid multibyte sequence in argument in D:\wwwroot\xinqidian\wwwroot\conf\log.class.php on line 38
[08-Jul-2017 16:02:49] PHP Warning:  htmlentities() [<a href='function.htmlentities'>function.htmlentities</a>]: Invalid multibyte sequence in argument in D:\wwwroot\xinqidian\wwwroot\conf\log.class.php on line 38
[08-Jul-2017 16:03:19] PHP Warning:  htmlentities() [<a href='function.htmlentities'>function.htmlentities</a>]: Invalid multibyte sequence in argument in D:\wwwroot\xinqidian\wwwroot\conf\log.class.php on line 38
[08-Jul-2017 16:16:54] PHP Warning:  htmlentities() [<a href='function.htmlentities'>function.htmlentities</a>]: Invalid multibyte sequence in argument in D:\wwwroot\xinqidian\wwwroot\conf\log.class.php on line 38
[11-Jul-2017 16:01:47] PHP Warning:  htmlentities() [<a href='function.htmlentities'>function.htmlentities</a>]: Invalid multibyte sequence in argument in D:\wwwroot\xinqidian\wwwroot\conf\log.class.php on line 38
[11-Aug-2017 01:00:22] PHP Warning:  htmlentities() [<a href='function.htmlentities'>function.htmlentities</a>]: Invalid multibyte sequence in argument in D:\wwwroot\xinqidian\wwwroot\conf\log.class.php on line 38
[11-Aug-2017 01:00:52] PHP Warning:  htmlentities() [<a href='function.htmlentities'>function.htmlentities</a>]: Invalid multibyte sequence in argument in D:\wwwroot\xinqidian\wwwroot\conf\log.class.php on line 38
[11-Aug-2017 01:01:23] PHP Warning:  htmlentities() [<a href='function.htmlentities'>function.htmlentities</a>]: Invalid multibyte sequence in argument in D:\wwwroot\xinqidian\wwwroot\conf\log.class.php on line 38
[11-Aug-2017 01:02:06] PHP Warning:  htmlentities() [<a href='function.htmlentities'>function.htmlentities</a>]: Invalid multibyte sequence in argument in D:\wwwroot\xinqidian\wwwroot\conf\log.class.php on line 38
[11-Aug-2017 01:02:36] PHP Warning:  htmlentities() [<a href='function.htmlentities'>function.htmlentities</a>]: Invalid multibyte sequence in argument in D:\wwwroot\xinqidian\wwwroot\conf\log.class.php on line 38
[11-Aug-2017 01:03:07] PHP Warning:  htmlentities() [<a href='function.htmlentities'>function.htmlentities</a>]: Invalid multibyte sequence in argument in D:\wwwroot\xinqidian\wwwroot\conf\log.class.php on line 38
[11-Aug-2017 01:15:56] PHP Warning:  htmlentities() [<a href='function.htmlentities'>function.htmlentities</a>]: Invalid multibyte sequence in argument in D:\wwwroot\xinqidian\wwwroot\conf\log.class.php on line 38
[11-Aug-2017 01:17:42] PHP Warning:  htmlentities() [<a href='function.htmlentities'>function.htmlentities</a>]: Invalid multibyte sequence in argument in D:\wwwroot\xinqidian\wwwroot\conf\log.class.php on line 38
[16-Sep-2017 06:38:46] PHP Warning:  htmlentities() [<a href='function.htmlentities'>function.htmlentities</a>]: Invalid multibyte sequence in argument in D:\wwwroot\xinqidian\wwwroot\conf\log.class.php on line 38
[16-Sep-2017 06:39:16] PHP Warning:  htmlentities() [<a href='function.htmlentities'>function.htmlentities</a>]: Invalid multibyte sequence in argument in D:\wwwroot\xinqidian\wwwroot\conf\log.class.php on line 38
[16-Sep-2017 06:39:46] PHP Warning:  htmlentities() [<a href='function.htmlentities'>function.htmlentities</a>]: Invalid multibyte sequence in argument in D:\wwwroot\xinqidian\wwwroot\conf\log.class.php on line 38
[16-Sep-2017 06:53:22] PHP Warning:  htmlentities() [<a href='function.htmlentities'>function.htmlentities</a>]: Invalid multibyte sequence in argument in D:\wwwroot\xinqidian\wwwroot\conf\log.class.php on line 38
[16-Sep-2017 06:57:28] PHP Warning:  htmlentities() [<a href='function.htmlentities'>function.htmlentities</a>]: Invalid multibyte sequence in argument in D:\wwwroot\xinqidian\wwwroot\conf\log.class.php on line 38
[16-Sep-2017 06:57:58] PHP Warning:  htmlentities() [<a href='function.htmlentities'>function.htmlentities</a>]: Invalid multibyte sequence in argument in D:\wwwroot\xinqidian\wwwroot\conf\log.class.php on line 38
[16-Sep-2017 06:58:28] PHP Warning:  htmlentities() [<a href='function.htmlentities'>function.htmlentities</a>]: Invalid multibyte sequence in argument in D:\wwwroot\xinqidian\wwwroot\conf\log.class.php on line 38
[16-Sep-2017 07:12:11] PHP Warning:  htmlentities() [<a href='function.htmlentities'>function.htmlentities</a>]: Invalid multibyte sequence in argument in D:\wwwroot\xinqidian\wwwroot\conf\log.class.php on line 38
[22-Sep-2017 11:06:26] PHP Warning:  imagesx(): supplied argument is not a valid Image resource in D:\wwwroot\xinqidian\wwwroot\conf\imgresize.class.php on line 40
[22-Sep-2017 11:06:26] PHP Warning:  imagesy(): supplied argument is not a valid Image resource in D:\wwwroot\xinqidian\wwwroot\conf\imgresize.class.php on line 41
[22-Sep-2017 11:06:26] PHP Warning:  Division by zero in D:\wwwroot\xinqidian\wwwroot\conf\imgresize.class.php on line 52
[22-Sep-2017 11:06:26] PHP Warning:  imagecopyresampled(): supplied argument is not a valid Image resource in D:\wwwroot\xinqidian\wwwroot\conf\imgresize.class.php on line 67
[22-Sep-2017 11:06:26] PHP Warning:  imagejpeg() [<a href='function.imagejpeg'>function.imagejpeg</a>]: Unable to open '../../htmleditor/attached/image/mainpic/_1./htmleditor/attached/image/mainpic/' for writing: No such file or directory in D:\wwwroot\xinqidian\wwwroot\conf\imgresize.class.php on line 68
[22-Sep-2017 11:06:26] PHP Warning:  imagedestroy(): supplied argument is not a valid Image resource in D:\wwwroot\xinqidian\wwwroot\conf\imgresize.class.php on line 44
[21-Oct-2017 06:41:50] PHP Warning:  htmlentities() [<a href='function.htmlentities'>function.htmlentities</a>]: Invalid multibyte sequence in argument in D:\wwwroot\xinqidian\wwwroot\conf\log.class.php on line 38
[21-Oct-2017 06:42:20] PHP Warning:  htmlentities() [<a href='function.htmlentities'>function.htmlentities</a>]: Invalid multibyte sequence in argument in D:\wwwroot\xinqidian\wwwroot\conf\log.class.php on line 38
[21-Oct-2017 06:42:50] PHP Warning:  htmlentities() [<a href='function.htmlentities'>function.htmlentities</a>]: Invalid multibyte sequence in argument in D:\wwwroot\xinqidian\wwwroot\conf\log.class.php on line 38
[21-Oct-2017 06:57:03] PHP Warning:  htmlentities() [<a href='function.htmlentities'>function.htmlentities</a>]: Invalid multibyte sequence in argument in D:\wwwroot\xinqidian\wwwroot\conf\log.class.php on line 38
[21-Oct-2017 07:02:07] PHP Warning:  htmlentities() [<a href='function.htmlentities'>function.htmlentities</a>]: Invalid multibyte sequence in argument in D:\wwwroot\xinqidian\wwwroot\conf\log.class.php on line 38
[21-Oct-2017 07:02:38] PHP Warning:  htmlentities() [<a href='function.htmlentities'>function.htmlentities</a>]: Invalid multibyte sequence in argument in D:\wwwroot\xinqidian\wwwroot\conf\log.class.php on line 38
[21-Oct-2017 07:03:08] PHP Warning:  htmlentities() [<a href='function.htmlentities'>function.htmlentities</a>]: Invalid multibyte sequence in argument in D:\wwwroot\xinqidian\wwwroot\conf\log.class.php on line 38
[21-Oct-2017 07:17:18] PHP Warning:  htmlentities() [<a href='function.htmlentities'>function.htmlentities</a>]: Invalid multibyte sequence in argument in D:\wwwroot\xinqidian\wwwroot\conf\log.class.php on line 38
[17-Nov-2017 15:23:59] PHP Warning:  imagesx(): supplied argument is not a valid Image resource in D:\wwwroot\xinqidian\wwwroot\conf\imgresize.class.php on line 40
[17-Nov-2017 15:23:59] PHP Warning:  imagesy(): supplied argument is not a valid Image resource in D:\wwwroot\xinqidian\wwwroot\conf\imgresize.class.php on line 41
[17-Nov-2017 15:23:59] PHP Warning:  Division by zero in D:\wwwroot\xinqidian\wwwroot\conf\imgresize.class.php on line 52
[17-Nov-2017 15:23:59] PHP Warning:  imagecopyresampled(): supplied argument is not a valid Image resource in D:\wwwroot\xinqidian\wwwroot\conf\imgresize.class.php on line 67
[17-Nov-2017 15:23:59] PHP Warning:  imagejpeg() [<a href='function.imagejpeg'>function.imagejpeg</a>]: Unable to open '../../htmleditor/attached/image/mainpic/_1./htmleditor/attached/image/mainpic/' for writing: No such file or directory in D:\wwwroot\xinqidian\wwwroot\conf\imgresize.class.php on line 68
[17-Nov-2017 15:23:59] PHP Warning:  imagedestroy(): supplied argument is not a valid Image resource in D:\wwwroot\xinqidian\wwwroot\conf\imgresize.class.php on line 44
[21-Nov-2017 19:56:27] PHP Warning:  htmlentities() [<a href='function.htmlentities'>function.htmlentities</a>]: Invalid multibyte sequence in argument in D:\wwwroot\xinqidian\wwwroot\conf\log.class.php on line 38
[21-Nov-2017 19:56:57] PHP Warning:  htmlentities() [<a href='function.htmlentities'>function.htmlentities</a>]: Invalid multibyte sequence in argument in D:\wwwroot\xinqidian\wwwroot\conf\log.class.php on line 38
[21-Nov-2017 19:57:27] PHP Warning:  htmlentities() [<a href='function.htmlentities'>function.htmlentities</a>]: Invalid multibyte sequence in argument in D:\wwwroot\xinqidian\wwwroot\conf\log.class.php on line 38
[21-Nov-2017 20:11:52] PHP Warning:  htmlentities() [<a href='function.htmlentities'>function.htmlentities</a>]: Invalid multibyte sequence in argument in D:\wwwroot\xinqidian\wwwroot\conf\log.class.php on line 38
[21-Nov-2017 20:40:09] PHP Warning:  htmlentities() [<a href='function.htmlentities'>function.htmlentities</a>]: Invalid multibyte sequence in argument in D:\wwwroot\xinqidian\wwwroot\conf\log.class.php on line 38
[21-Nov-2017 20:40:39] PHP Warning:  htmlentities() [<a href='function.htmlentities'>function.htmlentities</a>]: Invalid multibyte sequence in argument in D:\wwwroot\xinqidian\wwwroot\conf\log.class.php on line 38
[21-Nov-2017 20:41:09] PHP Warning:  htmlentities() [<a href='function.htmlentities'>function.htmlentities</a>]: Invalid multibyte sequence in argument in D:\wwwroot\xinqidian\wwwroot\conf\log.class.php on line 38
[21-Nov-2017 20:55:31] PHP Warning:  htmlentities() [<a href='function.htmlentities'>function.htmlentities</a>]: Invalid multibyte sequence in argument in D:\wwwroot\xinqidian\wwwroot\conf\log.class.php on line 38
[05-Dec-2017 19:33:38] PHP Parse error:  syntax error, unexpected '[' in D:\wwwroot\xinqidian\wwwroot\admin\web\man_xcap.php on line 54
[05-Dec-2017 19:33:41] PHP Parse error:  syntax error, unexpected '[' in D:\wwwroot\xinqidian\wwwroot\admin\web\man_xcap.php on line 54
[05-Dec-2017 19:33:43] PHP Parse error:  syntax error, unexpected '[' in D:\wwwroot\xinqidian\wwwroot\admin\web\man_xcap.php on line 54
[05-Dec-2017 19:33:47] PHP Parse error:  syntax error, unexpected '[' in D:\wwwroot\xinqidian\wwwroot\admin\web\man_xcap.php on line 54
[05-Dec-2017 19:34:33] PHP Warning:  session_destroy() [<a href='function.session-destroy'>function.session-destroy</a>]: Session object destruction failed in D:\wwwroot\xinqidian\wwwroot\admin\web\log_out.php on line 7
[05-Dec-2017 19:34:40] PHP Parse error:  syntax error, unexpected '[' in D:\wwwroot\xinqidian\wwwroot\admin\web\man_xcap.php on line 54
[05-Dec-2017 19:35:22] PHP Parse error:  syntax error, unexpected '[' in D:\wwwroot\xinqidian\wwwroot\admin\web\man_xcap.php on line 54
[05-Dec-2017 19:35:27] PHP Parse error:  syntax error, unexpected '[' in D:\wwwroot\xinqidian\wwwroot\admin\web\man_xcap.php on line 54
[05-Dec-2017 19:35:32] PHP Parse error:  syntax error, unexpected '[' in D:\wwwroot\xinqidian\wwwroot\admin\web\man_xcap.php on line 54
[05-Dec-2017 19:35:40] PHP Parse error:  syntax error, unexpected '[' in D:\wwwroot\xinqidian\wwwroot\admin\web\man_xcap.php on line 54
[05-Dec-2017 19:35:48] PHP Parse error:  syntax error, unexpected '[' in D:\wwwroot\xinqidian\wwwroot\admin\web\man_xcap.php on line 54
[05-Dec-2017 19:37:52] PHP Parse error:  syntax error, unexpected '[' in D:\wwwroot\xinqidian\wwwroot\admin\web\man_xcap.php on line 54
[05-Dec-2017 19:37:54] PHP Parse error:  syntax error, unexpected '[' in D:\wwwroot\xinqidian\wwwroot\admin\web\man_xcap.php on line 54
[05-Dec-2017 19:37:56] PHP Parse error:  syntax error, unexpected '[' in D:\wwwroot\xinqidian\wwwroot\admin\web\man_xcap.php on line 54
[05-Dec-2017 19:38:34] PHP Parse error:  syntax error, unexpected '[' in D:\wwwroot\xinqidian\wwwroot\admin\web\man_xcap.php on line 54
[05-Dec-2017 19:38:43] PHP Parse error:  syntax error, unexpected '[' in D:\wwwroot\xinqidian\wwwroot\admin\web\man_xcap.php on line 54
[05-Dec-2017 19:43:28] PHP Parse error:  syntax error, unexpected '[' in D:\wwwroot\xinqidian\wwwroot\admin\web\man_xcap.php on line 54
[05-Dec-2017 19:45:59] PHP Parse error:  syntax error, unexpected '[' in D:\wwwroot\xinqidian\wwwroot\admin\web\man_xcap.php on line 106
[05-Dec-2017 19:48:12] PHP Parse error:  syntax error, unexpected '[' in D:\wwwroot\xinqidian\wwwroot\admin\web\man_xcap.php on line 11
[05-Dec-2017 19:48:14] PHP Parse error:  syntax error, unexpected '[' in D:\wwwroot\xinqidian\wwwroot\admin\web\man_xcap.php on line 11
[05-Dec-2017 19:48:16] PHP Parse error:  syntax error, unexpected '[' in D:\wwwroot\xinqidian\wwwroot\admin\web\man_xcap.php on line 11
[05-Dec-2017 19:50:56] PHP Parse error:  syntax error, unexpected '[' in D:\wwwroot\xinqidian\wwwroot\admin\web\man_xcap.php on line 11
[05-Dec-2017 19:51:04] PHP Parse error:  syntax error, unexpected '[' in D:\wwwroot\xinqidian\wwwroot\admin\web\man_xcap.php on line 11
[05-Dec-2017 19:51:27] PHP Parse error:  syntax error, unexpected '[' in D:\wwwroot\xinqidian\wwwroot\admin\web\man_xcap.php on line 11
[05-Dec-2017 19:51:36] PHP Parse error:  syntax error, unexpected '[' in D:\wwwroot\xinqidian\wwwroot\admin\web\man_xcap.php on line 11
[05-Dec-2017 19:53:21] PHP Parse error:  syntax error, unexpected '[' in D:\wwwroot\xinqidian\wwwroot\admin\web\man_xcap.php on line 106
[05-Dec-2017 19:54:20] PHP Parse error:  syntax error, unexpected '[' in D:\wwwroot\xinqidian\wwwroot\admin\web\man_xcap.php on line 107
[05-Dec-2017 19:54:26] PHP Parse error:  syntax error, unexpected '[' in D:\wwwroot\xinqidian\wwwroot\admin\web\man_xcap.php on line 107
[05-Dec-2017 19:54:30] PHP Parse error:  syntax error, unexpected '[' in D:\wwwroot\xinqidian\wwwroot\admin\web\man_xcap.php on line 107
[05-Dec-2017 19:56:06] PHP Parse error:  syntax error, unexpected '[' in D:\wwwroot\xinqidian\wwwroot\admin\web\man_xcap.php on line 114
[05-Dec-2017 19:56:55] PHP Parse error:  syntax error, unexpected '[' in D:\wwwroot\xinqidian\wwwroot\admin\web\man_xcap.php on line 114
[05-Dec-2017 19:56:58] PHP Parse error:  syntax error, unexpected '[' in D:\wwwroot\xinqidian\wwwroot\admin\web\man_xcap.php on line 114
[05-Dec-2017 19:57:00] PHP Parse error:  syntax error, unexpected '[' in D:\wwwroot\xinqidian\wwwroot\admin\web\man_xcap.php on line 114
[05-Dec-2017 19:59:10] PHP Parse error:  syntax error, unexpected T_FUNCTION, expecting ')' in D:\wwwroot\xinqidian\wwwroot\admin\web\man_xcap.php on line 119
[05-Dec-2017 19:59:48] PHP Parse error:  syntax error, unexpected T_FUNCTION, expecting ')' in D:\wwwroot\xinqidian\wwwroot\admin\web\man_xcap.php on line 119
[05-Dec-2017 19:59:49] PHP Parse error:  syntax error, unexpected T_FUNCTION, expecting ')' in D:\wwwroot\xinqidian\wwwroot\admin\web\man_xcap.php on line 119
